Command line:
   encoder42_isim_beh.exe
     -simmode  gui
     -simrunnum  1
     -socket  50636

Tue Jan 07 14:20:08 2020


 Elaboration Time: 0.0156 sec

 Current Memory Usage: 497.848 Meg

 Total Signals          : 13
 Total Nets             : 17
 Total Signal Drivers   : 7
 Total Blocks           : 2
 Total Primitive Blocks : 2
 Total Processes        : 8
 Total Traceable Variables  : 18
 Total Scalar Nets and Variables : 97
Total Line Count : 14

 Total Simulation Time: 0.0624 sec

 Current Memory Usage: 497.848 Meg

Tue Jan 07 14:28:18 2020

