Command line:
   d_ff_isim_beh.exe
     -simmode  gui
     -simrunnum  0
     -socket  53344

Fri Jan 10 10:46:50 2020


 Elaboration Time: 0.0156 sec

 Current Memory Usage: 497.848 Meg

 Total Signals          : 14
 Total Nets             : 15
 Total Signal Drivers   : 6
 Total Blocks           : 2
 Total Primitive Blocks : 2
 Total Processes        : 8
 Total Traceable Variables  : 19
 Total Scalar Nets and Variables : 96
Total Line Count : 19

 Total Simulation Time: 0.0624 sec

 Current Memory Usage: 497.848 Meg

Fri Jan 10 10:48:29 2020

