Command line:
   half_adder_isim_beh.exe
     -simmode  gui
     -simrunnum  0
     -socket  65243

Tue Jan 07 14:41:25 2020


 Elaboration Time: 0.0312 sec

 Current Memory Usage: 497.848 Meg

 Total Signals          : 13
 Total Nets             : 15
 Total Signal Drivers   : 7
 Total Blocks           : 2
 Total Primitive Blocks : 2
 Total Processes        : 8
 Total Traceable Variables  : 18
 Total Scalar Nets and Variables : 95
Total Line Count : 14

 Total Simulation Time: 0.0468 sec

 Current Memory Usage: 497.848 Meg

Tue Jan 07 14:42:40 2020

