Command line:
   half_sub_isim_beh.exe
     -simmode  gui
     -simrunnum  0
     -socket  63062

Tue Jan 07 15:02:39 2020


 Elaboration Time: 0.0312 sec

 Current Memory Usage: 497.848 Meg

 Total Signals          : 14
 Total Nets             : 16
 Total Signal Drivers   : 8
 Total Blocks           : 2
 Total Primitive Blocks : 2
 Total Processes        : 9
 Total Traceable Variables  : 18
 Total Scalar Nets and Variables : 96
Total Line Count : 14

 Total Simulation Time: 0.078 sec

 Current Memory Usage: 497.848 Meg

Tue Jan 07 15:03:49 2020

