Command line:
   bin2grey_case_isim_beh.exe
     -simmode  gui
     -simrunnum  0
     -socket  53485

Wed Jan 08 11:33:56 2020


 Elaboration Time: 0.0312 sec

 Current Memory Usage: 497.848 Meg

 Total Signals          : 12
 Total Nets             : 19
 Total Signal Drivers   : 6
 Total Blocks           : 2
 Total Primitive Blocks : 2
 Total Processes        : 8
 Total Traceable Variables  : 19
 Total Scalar Nets and Variables : 103
Total Line Count : 32

 Total Simulation Time: 0.0468 sec

 Current Memory Usage: 497.848 Meg

Wed Jan 08 11:38:15 2020

