Command line:
   full_sub_isim_beh.exe
     -simmode  gui
     -simrunnum  0
     -socket  58558

Wed Jan 08 11:41:50 2020


 Elaboration Time: 0.0312 sec

 Current Memory Usage: 497.848 Meg

 Total Signals          : 17
 Total Nets             : 20
 Total Signal Drivers   : 11
 Total Blocks           : 2
 Total Primitive Blocks : 2
 Total Processes        : 12
 Total Traceable Variables  : 18
 Total Scalar Nets and Variables : 100
Total Line Count : 14

 Total Simulation Time: 0.078 sec

 Current Memory Usage: 497.848 Meg

Wed Jan 08 11:43:05 2020

