Command line:
   t_ff_isim_beh.exe
     -simmode  gui
     -simrunnum  0
     -socket  53466

Fri Jan 10 10:51:38 2020


 Elaboration Time: 0.0312 sec

 Current Memory Usage: 497.848 Meg

 Total Signals          : 14
 Total Nets             : 15
 Total Signal Drivers   : 6
 Total Blocks           : 2
 Total Primitive Blocks : 2
 Total Processes        : 8
 Total Traceable Variables  : 19
 Total Scalar Nets and Variables : 96
Total Line Count : 19

 Total Simulation Time: 0.1248 sec

 Current Memory Usage: 497.848 Meg

Fri Jan 10 10:55:12 2020

